2025-06-04 10:01:57,912 - INFO - Début du pipeline d'attribution Markov.
2025-06-04 10:01:57,912 - INFO - Chargement des données...
2025-06-04 10:05:07,917 - INFO - Début du pipeline d'attribution Markov.
2025-06-04 10:05:07,917 - INFO - Chargement des données...
2025-06-04 10:06:33,694 - INFO - Début du pipeline d'attribution Markov.
2025-06-04 10:06:33,694 - INFO - Chargement des données...
2025-06-04 10:07:32,125 - INFO - Données chargées : Retailer=9866049 lignes, TV=5827133 lignes, Prog=17493428 lignes.
2025-06-04 10:07:32,128 - INFO - Prétraitement des données...
2025-06-04 10:14:17,471 - INFO - Début du pipeline d'attribution Markov (mode chunk).
2025-06-04 10:14:17,471 - INFO - Étape 1/4 : Prétraitement par chunks...
2025-06-04 10:18:12,441 - INFO - Début du pipeline d'attribution Markov (mode chunk).
2025-06-04 10:18:12,441 - INFO - Étape 1/4 : Prétraitement par chunks...
2025-06-04 10:18:50,768 - INFO - Début du pipeline d'attribution Markov (mode chunk).
2025-06-04 10:18:50,768 - INFO - Étape 1/4 : Prétraitement par chunks...
2025-06-04 10:19:35,395 - INFO - Début du pipeline d'attribution Markov (mode chunk).
2025-06-04 10:19:35,395 - INFO - Étape 1/4 : Prétraitement par chunks...
2025-06-04 10:21:01,718 - INFO - Début du pipeline d'attribution Markov (mode chunk).
2025-06-04 10:21:01,719 - INFO - Étape 1/4 : Prétraitement par chunks...
2025-06-04 10:21:41,565 - INFO - Début du pipeline d'attribution Markov (mode chunk).
2025-06-04 10:21:41,565 - INFO - Étape 1/4 : Prétraitement par chunks...
2025-06-04 10:24:46,856 - INFO - Début du pipeline d'attribution Markov (mode chunk).
2025-06-04 10:24:46,857 - INFO - Étape 1/4 : Prétraitement par chunks...
2025-06-04 10:27:15,123 - INFO - Début du pipeline d'attribution Markov (mode chunk).
2025-06-04 10:27:15,124 - INFO - Étape 1/4 : Prétraitement par chunks...
2025-06-04 10:29:42,797 - INFO - Fichier consolidé non trié créé : /Users/amaurydenny/Desktop/Dauphine_Hackathon/data/processed/merged_data.csv
2025-06-04 10:29:42,799 - INFO - Étape 2/4 : Tri du fichier consolidé (par customer_id, timestamp)…
2025-06-04 10:35:20,075 - INFO - Fichier trié enregistré : /Users/amaurydenny/Desktop/Dauphine_Hackathon/data/processed/merged_sorted.csv
2025-06-04 10:35:20,078 - INFO - Étape 3/4 : Calcul des comptes de transition (streaming)…
2025-06-04 10:36:36,102 - INFO - États uniques repérés : 6
2025-06-04 10:36:36,102 - INFO - Étape 4/4 : Construction de la matrice de transition Markov…
2025-06-04 10:36:36,193 - INFO - Matrice de transition sauvegardée dans results/matrices/transition_matrix.csv
2025-06-04 10:36:36,193 - INFO - Calcul du taux de conversion global (à partir de 'Start')…
2025-06-04 10:36:36,209 - INFO - Taux de conversion global estimé : 0.6093
2025-06-04 10:36:36,209 - INFO - Calcul des effets de suppression par canal…
2025-06-04 10:36:51,947 - INFO - Attribution par canal sauvegardée dans results/matrices/attribution_by_channel.csv
2025-06-04 10:36:51,947 - INFO - Génération des visualisations…
2025-06-04 10:36:53,411 - INFO - Visualisations enregistrées dans results/figures/
2025-06-04 10:36:53,411 - INFO - Pipeline terminé avec succès.
2025-06-04 17:03:39,040 - INFO - Début du pipeline d'attribution Markov (mode chunk).
2025-06-04 17:03:39,041 - INFO - Étape 1/4 : Prétraitement par chunks...
2025-06-04 17:30:38,636 - INFO - Début du pipeline d'attribution Markov (mode chunk).
2025-06-04 17:30:38,636 - INFO - Étape 1/4 : Prétraitement par chunks...
2025-06-04 17:31:33,125 - INFO - Début du pipeline d'attribution Markov (mode chunk).
2025-06-04 17:31:33,125 - INFO - Étape 1/4 : Prétraitement par chunks...
2025-06-04 17:34:32,072 - INFO - Fichier consolidé non trié créé : /Users/amaurydenny/Desktop/HackDau/data/processed/merged_data.csv
2025-06-04 17:34:32,077 - INFO - Étape 2/4 : Tri du fichier consolidé (par customer_id, timestamp)…
2025-06-04 17:39:39,158 - INFO - Fichier trié enregistré : /Users/amaurydenny/Desktop/HackDau/data/processed/merged_sorted.csv
2025-06-04 17:39:39,159 - INFO - Étape 3/4 : Calcul des comptes de transition (streaming)…
2025-06-04 17:41:44,587 - INFO - Début du pipeline d'attribution Markov (mode chunk).
2025-06-04 17:41:44,587 - INFO - Étape 1/4 : Prétraitement par chunks...
2025-06-04 17:44:38,909 - INFO - Fichier consolidé non trié créé : /Users/amaurydenny/Desktop/HackDau/data/processed/merged_data.csv
2025-06-04 17:44:38,911 - INFO - Étape 2/4 : Tri du fichier consolidé (par customer_id, timestamp)…
2025-06-04 17:50:13,924 - INFO - Fichier trié enregistré : /Users/amaurydenny/Desktop/HackDau/data/processed/merged_sorted.csv
2025-06-04 17:50:13,925 - INFO - Étape 3/4 : Calcul des comptes de transition (streaming)…
2025-06-04 17:51:55,610 - INFO - 9085485 transitions 'Start → Conversion' ont été ignorées.
2025-06-04 17:51:55,610 - INFO - États uniques repérés : 6
2025-06-04 17:51:55,610 - INFO - Étape 4/4 : Construction de la matrice de transition Markov…
2025-06-04 17:51:55,639 - INFO - Matrice de transition sauvegardée dans results/matrices/transition_matrix.csv
2025-06-04 17:51:55,639 - INFO - Calcul du taux de conversion global (à partir de 'Start')…
2025-06-04 17:51:55,644 - INFO - Taux de conversion global estimé : 0.1098
2025-06-04 17:51:55,644 - INFO - Calcul des effets de suppression par canal…
2025-06-04 17:52:11,104 - INFO - Attribution par canal sauvegardée dans results/matrices/attribution_by_channel.csv
2025-06-04 17:52:11,104 - INFO - Génération des visualisations…
2025-06-04 17:52:12,436 - INFO - Visualisations enregistrées dans results/figures/
2025-06-04 17:52:12,436 - INFO - Pipeline terminé avec succès.
2025-06-04 19:01:43,466 - INFO - Début du pipeline Markov multi-fichiers.
2025-06-04 19:01:43,467 - INFO - Étape 1 : Prétraitement et construction de la matrice de transition…
2025-06-04 19:11:47,843 - INFO - 9085485 transitions 'Start → Conversion' ont été ignorées.
2025-06-04 19:11:47,877 - INFO - Matrice de transition sauvegardée.
2025-06-04 19:11:47,877 - INFO - Étape 2 : Calcul du taux de conversion global…
2025-06-04 19:11:47,881 - INFO - Taux de conversion (Start → Conversion) : 0.1098
2025-06-04 19:11:47,881 - INFO - Étape 3 : Calcul des effets de suppression par canal…
2025-06-04 19:12:02,867 - INFO - Attribution sauvegardée.
2025-06-04 19:12:03,043 - INFO - Étape 4 : Visualisations...
2025-06-04 19:12:03,965 - INFO - Visualisations générées.
2025-06-04 19:12:03,965 - INFO - Pipeline terminé avec succès.
2025-06-05 09:20:17,678 - INFO - Début du pipeline Markov multi-fichiers.
2025-06-05 09:20:17,679 - INFO - Étape 1 : Prétraitement et construction de la matrice de transition…
2025-06-05 09:30:48,147 - INFO - 9085485 transitions 'Start → Conversion' ont été ignorées.
2025-06-05 09:30:48,177 - INFO - Matrice de transition sauvegardée.
2025-06-05 09:30:48,178 - INFO - Étape 2 : Calcul du taux de conversion global…
2025-06-05 09:30:48,193 - INFO - Taux de conversion (Start → Conversion) : 0.1098
2025-06-05 09:30:48,193 - INFO - Étape 3 : Calcul des effets de suppression par canal…
2025-06-05 09:31:03,687 - INFO - Attribution sauvegardée.
2025-06-05 09:31:03,860 - INFO - Étape 4 : Visualisations...
2025-06-05 09:31:05,105 - INFO - Visualisations générées.
2025-06-05 09:31:05,105 - INFO - Pipeline terminé avec succès.
2025-06-06 09:52:37,357 - INFO - Début du pipeline Markov multi-fichiers.
2025-06-06 09:52:37,358 - INFO - Étape 1 : Prétraitement et construction de la matrice de transition…
2025-06-06 10:01:33,658 - INFO - 9085485 transitions 'Start → Conversion' ont été ignorées.
2025-06-06 10:01:33,703 - INFO - Matrice de transition sauvegardée.
2025-06-06 10:01:33,703 - INFO - Étape 2 : Calcul du taux de conversion global…
2025-06-06 10:01:33,713 - INFO - Taux de conversion (Start → Conversion) : 0.1098
2025-06-06 10:01:33,713 - INFO - Étape 3 : Calcul des effets de suppression par canal…
2025-06-06 10:01:51,453 - INFO - Attribution sauvegardée.
2025-06-06 10:01:51,670 - INFO - Étape 4 : Visualisations...
2025-06-06 10:01:52,373 - INFO - Visualisations générées.
2025-06-06 10:01:52,373 - INFO - Pipeline terminé avec succès.
